p/IMG_20200610_141018.jpg 1 0 0 79 64
p/IMG_20200610_141007.jpg 1 0 0 96 71
p/IMG_20200610_140946.jpg 1 0 0 79 83
p/IMG_20200610_140930.jpg 1 0 0 104 110
p/IMG_20200610_140922.jpg 1 0 0 74 60
p/IMG_20200610_140908.jpg 1 0 0 97 76
p/IMG_20200610_140857.jpg 1 0 0 84 56
p/IMG_20200610_140841.jpg 1 0 0 121 87
p/IMG_20200610_140819.jpg 1 0 0 132 122
p/IMG_20200610_140810.jpg 1 0 0 86 75
p/IMG_20200610_140802.jpg 1 0 0 105 79
p/IMG_20200610_140750.jpg 1 0 0 92 69
p/IMG_20200610_140741.jpg 1 0 0 143 83
p/IMG_20200610_140713.jpg 1 0 0 97 85
p/IMG_20200610_140700.jpg 1 0 0 89 54
p/IMG_20200610_140651.jpg 1 0 0 168 134
p/IMG_20200610_140643.jpg 1 0 0 72 46
p/IMG_20200610_140635.jpg 1 0 0 171 111
p/IMG_20200610_140619.jpg 1 0 0 94 67
p/IMG_20200610_140558.jpg 1 0 0 71 59
p/IMG_20200610_140549.jpg 1 0 0 92 68
p/IMG_20200610_140517.jpg 1 0 0 139 75
p/IMG_20200610_140506.jpg 1 0 0 125 82
p/IMG_20200610_140457.jpg 1 0 0 93 61
p/IMG_20200610_140438.jpg 1 0 0 102 80
p/IMG_20200610_140423.jpg 1 0 0 123 81
p/IMG_20200610_140403.jpg 1 0 0 81 70
p/IMG_20200610_140352.jpg 1 0 0 97 86
p/IMG_20200610_140304.jpg 1 0 0 148 118
p/IMG_20200610_140248.jpg 1 0 0 75 64
p/IMG_20200610_140115.jpg 1 0 0 79 66